mode: atomic
github.com/osbuild/image-builder/cmd/image-builder/main.go:15.48,19.36 3 5
github.com/osbuild/image-builder/cmd/image-builder/main.go:43.2,43.12 1 3
github.com/osbuild/image-builder/cmd/image-builder/main.go:19.36,23.10 4 35
github.com/osbuild/image-builder/cmd/image-builder/main.go:27.3,29.9 3 35
github.com/osbuild/image-builder/cmd/image-builder/main.go:23.10,25.4 1 0
github.com/osbuild/image-builder/cmd/image-builder/main.go:29.9,30.16 1 6
github.com/osbuild/image-builder/cmd/image-builder/main.go:31.21,32.52 1 3
github.com/osbuild/image-builder/cmd/image-builder/main.go:35.5,35.40 1 2
github.com/osbuild/image-builder/cmd/image-builder/main.go:36.24,37.28 1 2
github.com/osbuild/image-builder/cmd/image-builder/main.go:38.12,39.42 1 1
github.com/osbuild/image-builder/cmd/image-builder/main.go:32.52,34.6 1 1
github.com/osbuild/image-builder/cmd/image-builder/main.go:46.13,53.16 3 0
github.com/osbuild/image-builder/cmd/image-builder/main.go:57.2,58.16 2 0
github.com/osbuild/image-builder/cmd/image-builder/main.go:62.2,64.16 3 0
github.com/osbuild/image-builder/cmd/image-builder/main.go:68.2,69.16 2 0
github.com/osbuild/image-builder/cmd/image-builder/main.go:73.2,74.29 2 0
github.com/osbuild/image-builder/cmd/image-builder/main.go:53.16,54.13 1 0
github.com/osbuild/image-builder/cmd/image-builder/main.go:58.16,59.13 1 0
github.com/osbuild/image-builder/cmd/image-builder/main.go:64.16,65.13 1 0
github.com/osbuild/image-builder/cmd/image-builder/main.go:69.16,70.13 1 0
github.com/osbuild/image-builder/internal/db/db.go:18.56,20.16 2 0
github.com/osbuild/image-builder/internal/db/db.go:23.2,23.74 1 0
github.com/osbuild/image-builder/internal/db/db.go:32.2,33.16 2 0
github.com/osbuild/image-builder/internal/db/db.go:37.2,37.23 1 0
github.com/osbuild/image-builder/internal/db/db.go:20.16,22.3 1 0
github.com/osbuild/image-builder/internal/db/db.go:23.74,30.3 2 0
github.com/osbuild/image-builder/internal/db/db.go:33.16,35.3 1 0
github.com/osbuild/image-builder/internal/db/db.go:40.38,42.2 1 0
github.com/osbuild/image-builder/internal/db/db.go:44.46,46.16 2 0
github.com/osbuild/image-builder/internal/db/db.go:49.2,52.12 3 0
github.com/osbuild/image-builder/internal/db/db.go:46.16,48.3 1 0
github.com/osbuild/image-builder/internal/db/db.go:55.45,57.16 2 0
github.com/osbuild/image-builder/internal/db/db.go:60.2,63.16 3 0
github.com/osbuild/image-builder/internal/db/db.go:67.2,69.20 3 0
github.com/osbuild/image-builder/internal/db/db.go:76.2,76.18 1 0
github.com/osbuild/image-builder/internal/db/db.go:57.16,59.3 1 0
github.com/osbuild/image-builder/internal/db/db.go:63.16,65.3 1 0
github.com/osbuild/image-builder/internal/db/db.go:69.20,71.17 2 0
github.com/osbuild/image-builder/internal/db/db.go:74.3,74.45 1 0
github.com/osbuild/image-builder/internal/db/db.go:71.17,73.4 1 0
github.com/osbuild/image-builder/internal/logger/logger.go:34.42,38.49 3 0
github.com/osbuild/image-builder/internal/logger/logger.go:42.2,42.10 1 0
github.com/osbuild/image-builder/internal/logger/logger.go:38.49,40.3 1 0
github.com/osbuild/image-builder/internal/logger/logger.go:46.65,52.16 4 0
github.com/osbuild/image-builder/internal/logger/logger.go:57.2,67.31 2 0
github.com/osbuild/image-builder/internal/logger/logger.go:76.2,77.16 2 0
github.com/osbuild/image-builder/internal/logger/logger.go:81.2,84.23 3 0
github.com/osbuild/image-builder/internal/logger/logger.go:52.16,54.3 1 0
github.com/osbuild/image-builder/internal/logger/logger.go:67.31,68.24 1 0
github.com/osbuild/image-builder/internal/logger/logger.go:69.14,70.23 1 0
github.com/osbuild/image-builder/internal/logger/logger.go:71.11,72.15 1 0
github.com/osbuild/image-builder/internal/logger/logger.go:77.16,79.3 1 0
github.com/osbuild/image-builder/internal/logger/logger.go:87.29,89.16 2 0
github.com/osbuild/image-builder/internal/logger/logger.go:92.2,92.26 1 0
github.com/osbuild/image-builder/internal/logger/logger.go:89.16,91.3 1 0
github.com/osbuild/image-builder/internal/logger/logger.go:95.114,98.15 2 0
github.com/osbuild/image-builder/internal/logger/logger.go:109.2,116.16 2 0
github.com/osbuild/image-builder/internal/logger/logger.go:131.2,131.18 1 0
github.com/osbuild/image-builder/internal/logger/logger.go:99.15,100.31 1 0
github.com/osbuild/image-builder/internal/logger/logger.go:101.15,102.31 1 0
github.com/osbuild/image-builder/internal/logger/logger.go:103.14,104.14 1 0
github.com/osbuild/image-builder/internal/logger/logger.go:105.10,106.30 1 0
github.com/osbuild/image-builder/internal/logger/logger.go:116.16,121.17 5 0
github.com/osbuild/image-builder/internal/logger/logger.go:124.3,124.22 1 0
github.com/osbuild/image-builder/internal/logger/logger.go:121.17,123.4 1 0
github.com/osbuild/image-builder/internal/logger/logger.go:125.8,129.3 1 0
github.com/osbuild/image-builder/internal/server/api.go:156.70,162.25 2 0
github.com/osbuild/image-builder/internal/server/api.go:168.2,168.44 1 0
github.com/osbuild/image-builder/internal/server/api.go:172.2,172.26 1 0
github.com/osbuild/image-builder/internal/server/api.go:175.2,175.21 1 0
github.com/osbuild/image-builder/internal/server/api.go:162.25,163.36 1 0
github.com/osbuild/image-builder/internal/server/api.go:163.36,165.4 1 0
github.com/osbuild/image-builder/internal/server/api.go:168.44,170.3 1 0
github.com/osbuild/image-builder/internal/server/api.go:172.26,174.3 1 0
github.com/osbuild/image-builder/internal/server/api.go:180.56,181.31 1 0
github.com/osbuild/image-builder/internal/server/api.go:181.31,184.3 2 0
github.com/osbuild/image-builder/internal/server/api.go:189.59,190.31 1 0
github.com/osbuild/image-builder/internal/server/api.go:190.31,193.3 2 0
github.com/osbuild/image-builder/internal/server/api.go:219.101,221.16 2 0
github.com/osbuild/image-builder/internal/server/api.go:224.2,225.28 2 0
github.com/osbuild/image-builder/internal/server/api.go:231.2,231.25 1 0
github.com/osbuild/image-builder/internal/server/api.go:221.16,223.3 1 0
github.com/osbuild/image-builder/internal/server/api.go:225.28,227.17 2 0
github.com/osbuild/image-builder/internal/server/api.go:227.17,229.4 1 0
github.com/osbuild/image-builder/internal/server/api.go:234.120,236.16 2 0
github.com/osbuild/image-builder/internal/server/api.go:239.2,240.28 2 0
github.com/osbuild/image-builder/internal/server/api.go:246.2,246.25 1 0
github.com/osbuild/image-builder/internal/server/api.go:236.16,238.3 1 0
github.com/osbuild/image-builder/internal/server/api.go:240.28,242.17 2 0
github.com/osbuild/image-builder/internal/server/api.go:242.17,244.4 1 0
github.com/osbuild/image-builder/internal/server/api.go:249.110,251.16 2 0
github.com/osbuild/image-builder/internal/server/api.go:254.2,255.28 2 0
github.com/osbuild/image-builder/internal/server/api.go:261.2,261.25 1 0
github.com/osbuild/image-builder/internal/server/api.go:251.16,253.3 1 0
github.com/osbuild/image-builder/internal/server/api.go:255.28,257.17 2 0
github.com/osbuild/image-builder/internal/server/api.go:257.17,259.4 1 0
github.com/osbuild/image-builder/internal/server/api.go:264.98,266.16 2 0
github.com/osbuild/image-builder/internal/server/api.go:269.2,270.28 2 0
github.com/osbuild/image-builder/internal/server/api.go:276.2,276.25 1 0
github.com/osbuild/image-builder/internal/server/api.go:266.16,268.3 1 0
github.com/osbuild/image-builder/internal/server/api.go:270.28,272.17 2 0
github.com/osbuild/image-builder/internal/server/api.go:272.17,274.4 1 0
github.com/osbuild/image-builder/internal/server/api.go:279.80,281.16 2 0
github.com/osbuild/image-builder/internal/server/api.go:284.2,285.28 2 0
github.com/osbuild/image-builder/internal/server/api.go:291.2,291.25 1 0
github.com/osbuild/image-builder/internal/server/api.go:281.16,283.3 1 0
github.com/osbuild/image-builder/internal/server/api.go:285.28,287.17 2 0
github.com/osbuild/image-builder/internal/server/api.go:287.17,289.4 1 0
github.com/osbuild/image-builder/internal/server/api.go:294.78,296.16 2 0
github.com/osbuild/image-builder/internal/server/api.go:299.2,300.28 2 0
github.com/osbuild/image-builder/internal/server/api.go:306.2,306.25 1 0
github.com/osbuild/image-builder/internal/server/api.go:296.16,298.3 1 0
github.com/osbuild/image-builder/internal/server/api.go:300.28,302.17 2 0
github.com/osbuild/image-builder/internal/server/api.go:302.17,304.4 1 0
github.com/osbuild/image-builder/internal/server/api.go:309.74,311.16 2 0
github.com/osbuild/image-builder/internal/server/api.go:314.2,315.28 2 0
github.com/osbuild/image-builder/internal/server/api.go:321.2,321.25 1 0
github.com/osbuild/image-builder/internal/server/api.go:311.16,313.3 1 0
github.com/osbuild/image-builder/internal/server/api.go:315.28,317.17 2 0
github.com/osbuild/image-builder/internal/server/api.go:317.17,319.4 1 0
github.com/osbuild/image-builder/internal/server/api.go:325.92,331.16 4 0
github.com/osbuild/image-builder/internal/server/api.go:335.2,336.16 2 0
github.com/osbuild/image-builder/internal/server/api.go:340.2,341.24 2 0
github.com/osbuild/image-builder/internal/server/api.go:345.2,346.16 2 0
github.com/osbuild/image-builder/internal/server/api.go:350.2,351.16 2 0
github.com/osbuild/image-builder/internal/server/api.go:355.2,355.17 1 0
github.com/osbuild/image-builder/internal/server/api.go:331.16,333.3 1 0
github.com/osbuild/image-builder/internal/server/api.go:336.16,338.3 1 0
github.com/osbuild/image-builder/internal/server/api.go:341.24,343.3 1 0
github.com/osbuild/image-builder/internal/server/api.go:346.16,348.3 1 0
github.com/osbuild/image-builder/internal/server/api.go:351.16,353.3 1 0
github.com/osbuild/image-builder/internal/server/api.go:359.101,362.16 3 0
github.com/osbuild/image-builder/internal/server/api.go:365.2,366.79 2 0
github.com/osbuild/image-builder/internal/server/api.go:362.16,364.3 1 0
github.com/osbuild/image-builder/internal/server/api.go:370.111,374.16 3 0
github.com/osbuild/image-builder/internal/server/api.go:378.2,379.24 2 0
github.com/osbuild/image-builder/internal/server/api.go:383.2,384.16 2 0
github.com/osbuild/image-builder/internal/server/api.go:388.2,389.16 2 0
github.com/osbuild/image-builder/internal/server/api.go:393.2,394.17 2 0
github.com/osbuild/image-builder/internal/server/api.go:374.16,376.3 1 0
github.com/osbuild/image-builder/internal/server/api.go:379.24,381.3 1 0
github.com/osbuild/image-builder/internal/server/api.go:384.16,386.3 1 0
github.com/osbuild/image-builder/internal/server/api.go:389.16,391.3 1 0
github.com/osbuild/image-builder/internal/server/api.go:398.89,404.16 4 0
github.com/osbuild/image-builder/internal/server/api.go:408.2,409.16 2 0
github.com/osbuild/image-builder/internal/server/api.go:413.2,414.24 2 0
github.com/osbuild/image-builder/internal/server/api.go:418.2,419.16 2 0
github.com/osbuild/image-builder/internal/server/api.go:423.2,424.16 2 0
github.com/osbuild/image-builder/internal/server/api.go:428.2,428.17 1 0
github.com/osbuild/image-builder/internal/server/api.go:404.16,406.3 1 0
github.com/osbuild/image-builder/internal/server/api.go:409.16,411.3 1 0
github.com/osbuild/image-builder/internal/server/api.go:414.24,416.3 1 0
github.com/osbuild/image-builder/internal/server/api.go:419.16,421.3 1 0
github.com/osbuild/image-builder/internal/server/api.go:424.16,426.3 1 0
github.com/osbuild/image-builder/internal/server/api.go:432.71,436.16 3 0
github.com/osbuild/image-builder/internal/server/api.go:440.2,441.24 2 0
github.com/osbuild/image-builder/internal/server/api.go:445.2,446.16 2 0
github.com/osbuild/image-builder/internal/server/api.go:450.2,451.16 2 0
github.com/osbuild/image-builder/internal/server/api.go:455.2,455.17 1 0
github.com/osbuild/image-builder/internal/server/api.go:436.16,438.3 1 0
github.com/osbuild/image-builder/internal/server/api.go:441.24,443.3 1 0
github.com/osbuild/image-builder/internal/server/api.go:446.16,448.3 1 0
github.com/osbuild/image-builder/internal/server/api.go:451.16,453.3 1 0
github.com/osbuild/image-builder/internal/server/api.go:459.69,463.16 3 0
github.com/osbuild/image-builder/internal/server/api.go:467.2,468.24 2 0
github.com/osbuild/image-builder/internal/server/api.go:472.2,473.16 2 0
github.com/osbuild/image-builder/internal/server/api.go:477.2,478.16 2 0
github.com/osbuild/image-builder/internal/server/api.go:482.2,482.17 1 0
github.com/osbuild/image-builder/internal/server/api.go:463.16,465.3 1 0
github.com/osbuild/image-builder/internal/server/api.go:468.24,470.3 1 0
github.com/osbuild/image-builder/internal/server/api.go:473.16,475.3 1 0
github.com/osbuild/image-builder/internal/server/api.go:478.16,480.3 1 0
github.com/osbuild/image-builder/internal/server/api.go:486.65,490.16 3 0
github.com/osbuild/image-builder/internal/server/api.go:494.2,495.24 2 0
github.com/osbuild/image-builder/internal/server/api.go:499.2,500.16 2 0
github.com/osbuild/image-builder/internal/server/api.go:504.2,505.16 2 0
github.com/osbuild/image-builder/internal/server/api.go:509.2,509.17 1 0
github.com/osbuild/image-builder/internal/server/api.go:490.16,492.3 1 0
github.com/osbuild/image-builder/internal/server/api.go:495.24,497.3 1 0
github.com/osbuild/image-builder/internal/server/api.go:500.16,502.3 1 0
github.com/osbuild/image-builder/internal/server/api.go:505.16,507.3 1 0
github.com/osbuild/image-builder/internal/server/api.go:519.96,521.16 2 0
github.com/osbuild/image-builder/internal/server/api.go:524.2,524.42 1 0
github.com/osbuild/image-builder/internal/server/api.go:521.16,523.3 1 0
github.com/osbuild/image-builder/internal/server/api.go:528.47,529.31 1 0
github.com/osbuild/image-builder/internal/server/api.go:529.31,531.17 2 0
github.com/osbuild/image-builder/internal/server/api.go:534.3,535.13 2 0
github.com/osbuild/image-builder/internal/server/api.go:531.17,533.4 1 0
github.com/osbuild/image-builder/internal/server/api.go:546.51,547.27 1 0
github.com/osbuild/image-builder/internal/server/api.go:550.2,550.27 1 0
github.com/osbuild/image-builder/internal/server/api.go:547.27,549.3 1 0
github.com/osbuild/image-builder/internal/server/api.go:554.52,555.27 1 0
github.com/osbuild/image-builder/internal/server/api.go:558.2,558.10 1 0
github.com/osbuild/image-builder/internal/server/api.go:555.27,557.3 1 0
github.com/osbuild/image-builder/internal/server/api.go:569.47,570.27 1 0
github.com/osbuild/image-builder/internal/server/api.go:573.2,573.27 1 0
github.com/osbuild/image-builder/internal/server/api.go:570.27,572.3 1 0
github.com/osbuild/image-builder/internal/server/api.go:577.48,578.27 1 0
github.com/osbuild/image-builder/internal/server/api.go:581.2,581.10 1 0
github.com/osbuild/image-builder/internal/server/api.go:578.27,580.3 1 0
github.com/osbuild/image-builder/internal/server/api.go:591.51,592.27 1 0
github.com/osbuild/image-builder/internal/server/api.go:595.2,595.27 1 0
github.com/osbuild/image-builder/internal/server/api.go:592.27,594.3 1 0
github.com/osbuild/image-builder/internal/server/api.go:599.52,600.27 1 0
github.com/osbuild/image-builder/internal/server/api.go:603.2,603.10 1 0
github.com/osbuild/image-builder/internal/server/api.go:600.27,602.3 1 0
github.com/osbuild/image-builder/internal/server/api.go:613.51,614.27 1 0
github.com/osbuild/image-builder/internal/server/api.go:617.2,617.27 1 0
github.com/osbuild/image-builder/internal/server/api.go:614.27,616.3 1 0
github.com/osbuild/image-builder/internal/server/api.go:621.52,622.27 1 0
github.com/osbuild/image-builder/internal/server/api.go:625.2,625.10 1 0
github.com/osbuild/image-builder/internal/server/api.go:622.27,624.3 1 0
github.com/osbuild/image-builder/internal/server/api.go:634.49,635.27 1 0
github.com/osbuild/image-builder/internal/server/api.go:638.2,638.27 1 0
github.com/osbuild/image-builder/internal/server/api.go:635.27,637.3 1 0
github.com/osbuild/image-builder/internal/server/api.go:642.50,643.27 1 0
github.com/osbuild/image-builder/internal/server/api.go:646.2,646.10 1 0
github.com/osbuild/image-builder/internal/server/api.go:643.27,645.3 1 0
github.com/osbuild/image-builder/internal/server/api.go:656.45,657.27 1 0
github.com/osbuild/image-builder/internal/server/api.go:660.2,660.27 1 0
github.com/osbuild/image-builder/internal/server/api.go:657.27,659.3 1 0
github.com/osbuild/image-builder/internal/server/api.go:664.46,665.27 1 0
github.com/osbuild/image-builder/internal/server/api.go:668.2,668.10 1 0
github.com/osbuild/image-builder/internal/server/api.go:665.27,667.3 1 0
github.com/osbuild/image-builder/internal/server/api.go:672.137,674.16 2 0
github.com/osbuild/image-builder/internal/server/api.go:677.2,677.43 1 0
github.com/osbuild/image-builder/internal/server/api.go:674.16,676.3 1 0
github.com/osbuild/image-builder/internal/server/api.go:681.152,683.16 2 0
github.com/osbuild/image-builder/internal/server/api.go:686.2,686.39 1 0
github.com/osbuild/image-builder/internal/server/api.go:683.16,685.3 1 0
github.com/osbuild/image-builder/internal/server/api.go:689.142,691.16 2 0
github.com/osbuild/image-builder/internal/server/api.go:694.2,694.39 1 0
github.com/osbuild/image-builder/internal/server/api.go:691.16,693.3 1 0
github.com/osbuild/image-builder/internal/server/api.go:698.134,700.16 2 0
github.com/osbuild/image-builder/internal/server/api.go:703.2,703.43 1 0
github.com/osbuild/image-builder/internal/server/api.go:700.16,702.3 1 0
github.com/osbuild/image-builder/internal/server/api.go:707.116,709.16 2 0
github.com/osbuild/image-builder/internal/server/api.go:712.2,712.43 1 0
github.com/osbuild/image-builder/internal/server/api.go:709.16,711.3 1 0
github.com/osbuild/image-builder/internal/server/api.go:716.112,718.16 2 0
github.com/osbuild/image-builder/internal/server/api.go:721.2,721.41 1 0
github.com/osbuild/image-builder/internal/server/api.go:718.16,720.3 1 0
github.com/osbuild/image-builder/internal/server/api.go:725.104,727.16 2 0
github.com/osbuild/image-builder/internal/server/api.go:730.2,730.37 1 0
github.com/osbuild/image-builder/internal/server/api.go:727.16,729.3 1 0
github.com/osbuild/image-builder/internal/server/api.go:734.91,737.16 3 0
github.com/osbuild/image-builder/internal/server/api.go:741.2,746.9 2 0
github.com/osbuild/image-builder/internal/server/api.go:756.2,756.22 1 0
github.com/osbuild/image-builder/internal/server/api.go:737.16,739.3 1 0
github.com/osbuild/image-builder/internal/server/api.go:747.89,749.58 2 0
github.com/osbuild/image-builder/internal/server/api.go:752.3,752.27 1 0
github.com/osbuild/image-builder/internal/server/api.go:749.58,751.4 1 0
github.com/osbuild/image-builder/internal/server/api.go:760.83,763.16 3 0
github.com/osbuild/image-builder/internal/server/api.go:767.2,772.9 2 0
github.com/osbuild/image-builder/internal/server/api.go:789.2,789.22 1 0
github.com/osbuild/image-builder/internal/server/api.go:763.16,765.3 1 0
github.com/osbuild/image-builder/internal/server/api.go:773.89,775.58 2 0
github.com/osbuild/image-builder/internal/server/api.go:778.3,778.27 1 0
github.com/osbuild/image-builder/internal/server/api.go:780.89,782.58 2 0
github.com/osbuild/image-builder/internal/server/api.go:785.3,785.27 1 0
github.com/osbuild/image-builder/internal/server/api.go:775.58,777.4 1 0
github.com/osbuild/image-builder/internal/server/api.go:782.58,784.4 1 0
github.com/osbuild/image-builder/internal/server/api.go:793.91,796.16 3 0
github.com/osbuild/image-builder/internal/server/api.go:800.2,805.9 2 0
github.com/osbuild/image-builder/internal/server/api.go:815.2,815.22 1 0
github.com/osbuild/image-builder/internal/server/api.go:796.16,798.3 1 0
github.com/osbuild/image-builder/internal/server/api.go:806.89,808.58 2 0
github.com/osbuild/image-builder/internal/server/api.go:811.3,811.27 1 0
github.com/osbuild/image-builder/internal/server/api.go:808.58,810.4 1 0
github.com/osbuild/image-builder/internal/server/api.go:819.91,822.16 3 0
github.com/osbuild/image-builder/internal/server/api.go:826.2,831.9 2 0
github.com/osbuild/image-builder/internal/server/api.go:841.2,841.22 1 0
github.com/osbuild/image-builder/internal/server/api.go:822.16,824.3 1 0
github.com/osbuild/image-builder/internal/server/api.go:832.89,834.58 2 0
github.com/osbuild/image-builder/internal/server/api.go:837.3,837.27 1 0
github.com/osbuild/image-builder/internal/server/api.go:834.58,836.4 1 0
github.com/osbuild/image-builder/internal/server/api.go:845.87,848.16 3 0
github.com/osbuild/image-builder/internal/server/api.go:852.2,857.9 2 0
github.com/osbuild/image-builder/internal/server/api.go:860.2,860.22 1 0
github.com/osbuild/image-builder/internal/server/api.go:848.16,850.3 1 0
github.com/osbuild/image-builder/internal/server/api.go:864.79,867.16 3 0
github.com/osbuild/image-builder/internal/server/api.go:871.2,876.9 2 0
github.com/osbuild/image-builder/internal/server/api.go:886.2,886.22 1 0
github.com/osbuild/image-builder/internal/server/api.go:867.16,869.3 1 0
github.com/osbuild/image-builder/internal/server/api.go:877.89,879.58 2 0
github.com/osbuild/image-builder/internal/server/api.go:882.3,882.27 1 0
github.com/osbuild/image-builder/internal/server/api.go:879.58,881.4 1 0
github.com/osbuild/image-builder/internal/server/api.go:917.75,923.16 4 0
github.com/osbuild/image-builder/internal/server/api.go:928.2,929.12 2 0
github.com/osbuild/image-builder/internal/server/api.go:923.16,925.3 1 0
github.com/osbuild/image-builder/internal/server/api.go:933.71,939.2 3 0
github.com/osbuild/image-builder/internal/server/api.go:942.75,948.16 4 0
github.com/osbuild/image-builder/internal/server/api.go:953.2,954.12 2 0
github.com/osbuild/image-builder/internal/server/api.go:948.16,950.3 1 0
github.com/osbuild/image-builder/internal/server/api.go:958.75,964.2 3 0
github.com/osbuild/image-builder/internal/server/api.go:967.73,973.2 3 0
github.com/osbuild/image-builder/internal/server/api.go:976.69,982.2 3 0
github.com/osbuild/image-builder/internal/server/api.go:1000.62,1013.2 7 0
github.com/osbuild/image-builder/internal/server/api.go:1046.46,1048.16 2 0
github.com/osbuild/image-builder/internal/server/api.go:1051.2,1052.16 2 0
github.com/osbuild/image-builder/internal/server/api.go:1055.2,1057.16 3 0
github.com/osbuild/image-builder/internal/server/api.go:1061.2,1062.16 2 0
github.com/osbuild/image-builder/internal/server/api.go:1065.2,1065.21 1 0
github.com/osbuild/image-builder/internal/server/api.go:1048.16,1050.3 1 0
github.com/osbuild/image-builder/internal/server/api.go:1052.16,1054.3 1 0
github.com/osbuild/image-builder/internal/server/api.go:1057.16,1059.3 1 0
github.com/osbuild/image-builder/internal/server/api.go:1062.16,1064.3 1 0
github.com/osbuild/image-builder/internal/server/distribution.go:23.63,28.37 4 0
github.com/osbuild/image-builder/internal/server/distribution.go:59.2,59.29 1 0
github.com/osbuild/image-builder/internal/server/distribution.go:63.2,63.27 1 0
github.com/osbuild/image-builder/internal/server/distribution.go:28.37,29.86 1 0
github.com/osbuild/image-builder/internal/server/distribution.go:54.3,54.40 1 0
github.com/osbuild/image-builder/internal/server/distribution.go:29.86,30.18 1 0
github.com/osbuild/image-builder/internal/server/distribution.go:33.4,33.37 1 0
github.com/osbuild/image-builder/internal/server/distribution.go:36.4,36.74 1 0
github.com/osbuild/image-builder/internal/server/distribution.go:40.4,42.18 3 0
github.com/osbuild/image-builder/internal/server/distribution.go:45.4,47.18 3 0
github.com/osbuild/image-builder/internal/server/distribution.go:50.4,51.14 2 0
github.com/osbuild/image-builder/internal/server/distribution.go:30.18,32.5 1 0
github.com/osbuild/image-builder/internal/server/distribution.go:33.37,35.5 1 0
github.com/osbuild/image-builder/internal/server/distribution.go:36.74,38.5 1 0
github.com/osbuild/image-builder/internal/server/distribution.go:42.18,44.5 1 0
github.com/osbuild/image-builder/internal/server/distribution.go:47.18,49.5 1 0
github.com/osbuild/image-builder/internal/server/distribution.go:54.40,56.4 1 0
github.com/osbuild/image-builder/internal/server/distribution.go:59.29,61.3 1 0
github.com/osbuild/image-builder/internal/server/distribution.go:66.86,68.16 2 0
github.com/osbuild/image-builder/internal/server/distribution.go:72.2,72.14 1 0
github.com/osbuild/image-builder/internal/server/distribution.go:68.16,70.3 1 0
github.com/osbuild/image-builder/internal/server/distribution.go:73.16,74.52 1 0
github.com/osbuild/image-builder/internal/server/distribution.go:75.10,76.55 1 0
github.com/osbuild/image-builder/internal/server/distribution.go:80.54,82.16 2 0
github.com/osbuild/image-builder/internal/server/distribution.go:86.2,87.39 2 0
github.com/osbuild/image-builder/internal/server/distribution.go:90.2,90.36 1 0
github.com/osbuild/image-builder/internal/server/distribution.go:82.16,84.3 1 0
github.com/osbuild/image-builder/internal/server/distribution.go:87.39,89.3 1 0
github.com/osbuild/image-builder/internal/server/distribution.go:93.66,95.16 2 0
github.com/osbuild/image-builder/internal/server/distribution.go:98.2,101.22 3 0
github.com/osbuild/image-builder/internal/server/distribution.go:107.2,107.19 1 0
github.com/osbuild/image-builder/internal/server/distribution.go:95.16,97.3 1 0
github.com/osbuild/image-builder/internal/server/distribution.go:101.22,106.3 1 0
github.com/osbuild/image-builder/internal/db/migrate.go:12.59,15.34 3 0
github.com/osbuild/image-builder/internal/db/migrate.go:20.2,22.11 2 0
github.com/osbuild/image-builder/internal/db/migrate.go:30.2,31.32 2 0
github.com/osbuild/image-builder/internal/db/migrate.go:36.2,39.19 3 0
github.com/osbuild/image-builder/internal/db/migrate.go:42.2,42.18 1 0
github.com/osbuild/image-builder/internal/db/migrate.go:46.2,46.12 1 0
github.com/osbuild/image-builder/internal/db/migrate.go:15.34,17.3 1 0
github.com/osbuild/image-builder/internal/db/migrate.go:17.8,17.23 1 0
github.com/osbuild/image-builder/internal/db/migrate.go:17.23,19.3 1 0
github.com/osbuild/image-builder/internal/db/migrate.go:22.11,25.17 3 0
github.com/osbuild/image-builder/internal/db/migrate.go:25.17,27.4 1 0
github.com/osbuild/image-builder/internal/db/migrate.go:31.32,33.3 1 0
github.com/osbuild/image-builder/internal/db/migrate.go:33.8,33.23 1 0
github.com/osbuild/image-builder/internal/db/migrate.go:33.23,35.3 1 0
github.com/osbuild/image-builder/internal/db/migrate.go:39.19,41.3 1 0
github.com/osbuild/image-builder/internal/db/migrate.go:42.18,44.3 1 0
github.com/osbuild/image-builder/internal/cloudapi/cloudapi_client.go:141.70,147.25 2 0
github.com/osbuild/image-builder/internal/cloudapi/cloudapi_client.go:153.2,153.44 1 0
github.com/osbuild/image-builder/internal/cloudapi/cloudapi_client.go:157.2,157.26 1 0
github.com/osbuild/image-builder/internal/cloudapi/cloudapi_client.go:160.2,160.21 1 0
github.com/osbuild/image-builder/internal/cloudapi/cloudapi_client.go:147.25,148.36 1 0
github.com/osbuild/image-builder/internal/cloudapi/cloudapi_client.go:148.36,150.4 1 0
github.com/osbuild/image-builder/internal/cloudapi/cloudapi_client.go:153.44,155.3 1 0
github.com/osbuild/image-builder/internal/cloudapi/cloudapi_client.go:157.26,159.3 1 0
github.com/osbuild/image-builder/internal/cloudapi/cloudapi_client.go:165.56,166.31 1 0
github.com/osbuild/image-builder/internal/cloudapi/cloudapi_client.go:166.31,169.3 2 0
github.com/osbuild/image-builder/internal/cloudapi/cloudapi_client.go:174.59,175.31 1 0
github.com/osbuild/image-builder/internal/cloudapi/cloudapi_client.go:175.31,178.3 2 0
github.com/osbuild/image-builder/internal/cloudapi/cloudapi_client.go:192.115,194.16 2 0
github.com/osbuild/image-builder/internal/cloudapi/cloudapi_client.go:197.2,198.28 2 0
github.com/osbuild/image-builder/internal/cloudapi/cloudapi_client.go:204.2,204.25 1 0
github.com/osbuild/image-builder/internal/cloudapi/cloudapi_client.go:194.16,196.3 1 0
github.com/osbuild/image-builder/internal/cloudapi/cloudapi_client.go:198.28,200.17 2 0
github.com/osbuild/image-builder/internal/cloudapi/cloudapi_client.go:200.17,202.4 1 0
github.com/osbuild/image-builder/internal/cloudapi/cloudapi_client.go:207.100,209.16 2 0
github.com/osbuild/image-builder/internal/cloudapi/cloudapi_client.go:212.2,213.28 2 0
github.com/osbuild/image-builder/internal/cloudapi/cloudapi_client.go:219.2,219.25 1 0
github.com/osbuild/image-builder/internal/cloudapi/cloudapi_client.go:209.16,211.3 1 0
github.com/osbuild/image-builder/internal/cloudapi/cloudapi_client.go:213.28,215.17 2 0
github.com/osbuild/image-builder/internal/cloudapi/cloudapi_client.go:215.17,217.4 1 0
github.com/osbuild/image-builder/internal/cloudapi/cloudapi_client.go:222.88,224.16 2 0
github.com/osbuild/image-builder/internal/cloudapi/cloudapi_client.go:227.2,228.28 2 0
github.com/osbuild/image-builder/internal/cloudapi/cloudapi_client.go:234.2,234.25 1 0
github.com/osbuild/image-builder/internal/cloudapi/cloudapi_client.go:224.16,226.3 1 0
github.com/osbuild/image-builder/internal/cloudapi/cloudapi_client.go:228.28,230.17 2 0
github.com/osbuild/image-builder/internal/cloudapi/cloudapi_client.go:230.17,232.4 1 0
github.com/osbuild/image-builder/internal/cloudapi/cloudapi_client.go:238.91,241.16 3 0
github.com/osbuild/image-builder/internal/cloudapi/cloudapi_client.go:244.2,245.74 2 0
github.com/osbuild/image-builder/internal/cloudapi/cloudapi_client.go:241.16,243.3 1 0
github.com/osbuild/image-builder/internal/cloudapi/cloudapi_client.go:249.106,253.16 3 0
github.com/osbuild/image-builder/internal/cloudapi/cloudapi_client.go:257.2,258.24 2 0
github.com/osbuild/image-builder/internal/cloudapi/cloudapi_client.go:262.2,263.16 2 0
github.com/osbuild/image-builder/internal/cloudapi/cloudapi_client.go:267.2,268.16 2 0
github.com/osbuild/image-builder/internal/cloudapi/cloudapi_client.go:272.2,273.17 2 0
github.com/osbuild/image-builder/internal/cloudapi/cloudapi_client.go:253.16,255.3 1 0
github.com/osbuild/image-builder/internal/cloudapi/cloudapi_client.go:258.24,260.3 1 0
github.com/osbuild/image-builder/internal/cloudapi/cloudapi_client.go:263.16,265.3 1 0
github.com/osbuild/image-builder/internal/cloudapi/cloudapi_client.go:268.16,270.3 1 0
github.com/osbuild/image-builder/internal/cloudapi/cloudapi_client.go:277.79,283.16 4 0
github.com/osbuild/image-builder/internal/cloudapi/cloudapi_client.go:287.2,288.16 2 0
github.com/osbuild/image-builder/internal/cloudapi/cloudapi_client.go:292.2,293.24 2 0
github.com/osbuild/image-builder/internal/cloudapi/cloudapi_client.go:297.2,298.16 2 0
github.com/osbuild/image-builder/internal/cloudapi/cloudapi_client.go:302.2,303.16 2 0
github.com/osbuild/image-builder/internal/cloudapi/cloudapi_client.go:307.2,307.17 1 0
github.com/osbuild/image-builder/internal/cloudapi/cloudapi_client.go:283.16,285.3 1 0
github.com/osbuild/image-builder/internal/cloudapi/cloudapi_client.go:288.16,290.3 1 0
github.com/osbuild/image-builder/internal/cloudapi/cloudapi_client.go:293.24,295.3 1 0
github.com/osbuild/image-builder/internal/cloudapi/cloudapi_client.go:298.16,300.3 1 0
github.com/osbuild/image-builder/internal/cloudapi/cloudapi_client.go:303.16,305.3 1 0
github.com/osbuild/image-builder/internal/cloudapi/cloudapi_client.go:317.96,319.16 2 0
github.com/osbuild/image-builder/internal/cloudapi/cloudapi_client.go:322.2,322.42 1 0
github.com/osbuild/image-builder/internal/cloudapi/cloudapi_client.go:319.16,321.3 1 0
github.com/osbuild/image-builder/internal/cloudapi/cloudapi_client.go:326.47,327.31 1 0
github.com/osbuild/image-builder/internal/cloudapi/cloudapi_client.go:327.31,329.17 2 0
github.com/osbuild/image-builder/internal/cloudapi/cloudapi_client.go:332.3,333.13 2 0
github.com/osbuild/image-builder/internal/cloudapi/cloudapi_client.go:329.17,331.4 1 0
github.com/osbuild/image-builder/internal/cloudapi/cloudapi_client.go:344.42,345.27 1 0
github.com/osbuild/image-builder/internal/cloudapi/cloudapi_client.go:348.2,348.27 1 0
github.com/osbuild/image-builder/internal/cloudapi/cloudapi_client.go:345.27,347.3 1 0
github.com/osbuild/image-builder/internal/cloudapi/cloudapi_client.go:352.43,353.27 1 0
github.com/osbuild/image-builder/internal/cloudapi/cloudapi_client.go:356.2,356.10 1 0
github.com/osbuild/image-builder/internal/cloudapi/cloudapi_client.go:353.27,355.3 1 0
github.com/osbuild/image-builder/internal/cloudapi/cloudapi_client.go:366.48,367.27 1 0
github.com/osbuild/image-builder/internal/cloudapi/cloudapi_client.go:370.2,370.27 1 0
github.com/osbuild/image-builder/internal/cloudapi/cloudapi_client.go:367.27,369.3 1 0
github.com/osbuild/image-builder/internal/cloudapi/cloudapi_client.go:374.49,375.27 1 0
github.com/osbuild/image-builder/internal/cloudapi/cloudapi_client.go:378.2,378.10 1 0
github.com/osbuild/image-builder/internal/cloudapi/cloudapi_client.go:375.27,377.3 1 0
github.com/osbuild/image-builder/internal/cloudapi/cloudapi_client.go:382.142,384.16 2 0
github.com/osbuild/image-builder/internal/cloudapi/cloudapi_client.go:387.2,387.34 1 0
github.com/osbuild/image-builder/internal/cloudapi/cloudapi_client.go:384.16,386.3 1 0
github.com/osbuild/image-builder/internal/cloudapi/cloudapi_client.go:390.127,392.16 2 0
github.com/osbuild/image-builder/internal/cloudapi/cloudapi_client.go:395.2,395.34 1 0
github.com/osbuild/image-builder/internal/cloudapi/cloudapi_client.go:392.16,394.3 1 0
github.com/osbuild/image-builder/internal/cloudapi/cloudapi_client.go:399.121,401.16 2 0
github.com/osbuild/image-builder/internal/cloudapi/cloudapi_client.go:404.2,404.40 1 0
github.com/osbuild/image-builder/internal/cloudapi/cloudapi_client.go:401.16,403.3 1 0
github.com/osbuild/image-builder/internal/cloudapi/cloudapi_client.go:408.73,411.16 3 0
github.com/osbuild/image-builder/internal/cloudapi/cloudapi_client.go:415.2,420.9 2 0
github.com/osbuild/image-builder/internal/cloudapi/cloudapi_client.go:430.2,430.22 1 0
github.com/osbuild/image-builder/internal/cloudapi/cloudapi_client.go:411.16,413.3 1 0
github.com/osbuild/image-builder/internal/cloudapi/cloudapi_client.go:421.89,423.58 2 0
github.com/osbuild/image-builder/internal/cloudapi/cloudapi_client.go:426.3,426.27 1 0
github.com/osbuild/image-builder/internal/cloudapi/cloudapi_client.go:423.58,425.4 1 0
github.com/osbuild/image-builder/internal/cloudapi/cloudapi_client.go:434.85,437.16 3 0
github.com/osbuild/image-builder/internal/cloudapi/cloudapi_client.go:441.2,446.9 2 0
github.com/osbuild/image-builder/internal/cloudapi/cloudapi_client.go:456.2,456.22 1 0
github.com/osbuild/image-builder/internal/cloudapi/cloudapi_client.go:437.16,439.3 1 0
github.com/osbuild/image-builder/internal/cloudapi/cloudapi_client.go:447.89,449.58 2 0
github.com/osbuild/image-builder/internal/cloudapi/cloudapi_client.go:452.3,452.27 1 0
github.com/osbuild/image-builder/internal/cloudapi/cloudapi_client.go:449.58,451.4 1 0
github.com/osbuild/image-builder/internal/server/server.go:33.57,35.16 2 0
github.com/osbuild/image-builder/internal/server/server.go:38.2,47.11 9 0
github.com/osbuild/image-builder/internal/server/server.go:35.16,36.13 1 0
github.com/osbuild/image-builder/internal/server/server.go:51.38,54.16 3 0
github.com/osbuild/image-builder/internal/server/server.go:54.16,56.3 1 0
github.com/osbuild/image-builder/internal/server/server.go:59.55,61.16 2 0
github.com/osbuild/image-builder/internal/server/server.go:64.2,65.41 2 0
github.com/osbuild/image-builder/internal/server/server.go:61.16,63.3 1 0
github.com/osbuild/image-builder/internal/server/server.go:68.59,70.16 2 0
github.com/osbuild/image-builder/internal/server/server.go:73.2,74.38 2 0
github.com/osbuild/image-builder/internal/server/server.go:70.16,72.3 1 0
github.com/osbuild/image-builder/internal/server/server.go:77.61,79.16 2 0
github.com/osbuild/image-builder/internal/server/server.go:82.2,82.47 1 0
github.com/osbuild/image-builder/internal/server/server.go:79.16,81.3 1 0
github.com/osbuild/image-builder/internal/server/server.go:85.82,87.16 2 0
github.com/osbuild/image-builder/internal/server/server.go:90.2,90.39 1 0
github.com/osbuild/image-builder/internal/server/server.go:87.16,89.3 1 0
github.com/osbuild/image-builder/internal/server/server.go:93.79,95.9 2 0
github.com/osbuild/image-builder/internal/server/server.go:98.2,101.16 3 0
github.com/osbuild/image-builder/internal/server/server.go:105.2,107.16 3 0
github.com/osbuild/image-builder/internal/server/server.go:110.2,110.47 1 0
github.com/osbuild/image-builder/internal/server/server.go:95.9,97.3 1 0
github.com/osbuild/image-builder/internal/server/server.go:101.16,103.3 1 0
github.com/osbuild/image-builder/internal/server/server.go:107.16,109.3 1 0
github.com/osbuild/image-builder/internal/server/server.go:113.57,115.9 2 0
github.com/osbuild/image-builder/internal/server/server.go:119.2,121.16 3 0
github.com/osbuild/image-builder/internal/server/server.go:125.2,125.44 1 0
github.com/osbuild/image-builder/internal/server/server.go:129.2,129.60 1 0
github.com/osbuild/image-builder/internal/server/server.go:133.2,134.16 2 0
github.com/osbuild/image-builder/internal/server/server.go:138.2,141.16 3 0
github.com/osbuild/image-builder/internal/server/server.go:145.2,146.16 2 0
github.com/osbuild/image-builder/internal/server/server.go:149.2,149.43 1 0
github.com/osbuild/image-builder/internal/server/server.go:157.2,159.16 3 0
github.com/osbuild/image-builder/internal/server/server.go:162.2,162.54 1 0
github.com/osbuild/image-builder/internal/server/server.go:115.9,117.3 1 0
github.com/osbuild/image-builder/internal/server/server.go:121.16,123.3 1 0
github.com/osbuild/image-builder/internal/server/server.go:125.44,127.3 1 0
github.com/osbuild/image-builder/internal/server/server.go:129.60,131.3 1 0
github.com/osbuild/image-builder/internal/server/server.go:134.16,137.3 1 0
github.com/osbuild/image-builder/internal/server/server.go:141.16,143.3 1 0
github.com/osbuild/image-builder/internal/server/server.go:146.16,148.3 1 0
github.com/osbuild/image-builder/internal/server/server.go:149.43,151.17 2 0
github.com/osbuild/image-builder/internal/server/server.go:154.3,154.121 1 0
github.com/osbuild/image-builder/internal/server/server.go:151.17,153.4 1 0
github.com/osbuild/image-builder/internal/server/server.go:159.16,161.3 1 0
github.com/osbuild/image-builder/internal/server/server.go:165.27,167.9 2 0
github.com/osbuild/image-builder/internal/server/server.go:170.2,171.9 2 0
github.com/osbuild/image-builder/internal/server/server.go:174.2,174.51 1 0
github.com/osbuild/image-builder/internal/server/server.go:167.9,169.3 1 0
github.com/osbuild/image-builder/internal/server/server.go:171.9,173.3 1 0
github.com/osbuild/image-builder/internal/server/server.go:182.61,186.67 3 0
github.com/osbuild/image-builder/internal/server/server.go:190.2,191.16 2 0
github.com/osbuild/image-builder/internal/server/server.go:196.2,196.12 1 0
github.com/osbuild/image-builder/internal/server/server.go:186.67,188.3 1 0
github.com/osbuild/image-builder/internal/server/server.go:191.16,192.36 1 0
github.com/osbuild/image-builder/internal/server/server.go:193.3,193.101 1 0
github.com/osbuild/image-builder/internal/server/server.go:199.74,200.38 1 0
github.com/osbuild/image-builder/internal/server/server.go:200.38,206.31 3 0
github.com/osbuild/image-builder/internal/server/server.go:211.3,211.26 1 0
github.com/osbuild/image-builder/internal/server/server.go:206.31,209.4 1 0
github.com/osbuild/image-builder/internal/server/server.go:215.62,218.8 3 0
github.com/osbuild/image-builder/internal/server/server.go:232.2,232.47 1 0
github.com/osbuild/image-builder/internal/server/server.go:237.2,243.29 2 0
github.com/osbuild/image-builder/internal/server/server.go:218.8,219.25 1 0
github.com/osbuild/image-builder/internal/server/server.go:219.25,220.53 1 0
github.com/osbuild/image-builder/internal/server/server.go:220.53,222.5 1 0
github.com/osbuild/image-builder/internal/server/server.go:224.8,229.3 1 0
github.com/osbuild/image-builder/internal/server/server.go:232.47,235.3 1 0
github.com/osbuild/image-builder/internal/server/server.go:243.29,244.44 1 0
github.com/osbuild/image-builder/internal/server/server.go:251.3,251.17 1 0
github.com/osbuild/image-builder/internal/server/server.go:244.44,246.4 1 0
github.com/osbuild/image-builder/internal/server/server.go:246.9,250.4 1 0
github.com/osbuild/image-builder/internal/server/server.go:251.17,253.4 1 0
github.com/osbuild/image-builder/internal/db/db.go:18.56,20.16 2 1
github.com/osbuild/image-builder/internal/db/db.go:23.2,23.74 1 1
github.com/osbuild/image-builder/internal/db/db.go:32.2,33.16 2 1
github.com/osbuild/image-builder/internal/db/db.go:37.2,37.23 1 1
github.com/osbuild/image-builder/internal/db/db.go:20.16,22.3 1 0
github.com/osbuild/image-builder/internal/db/db.go:23.74,30.3 2 1
github.com/osbuild/image-builder/internal/db/db.go:33.16,35.3 1 0
github.com/osbuild/image-builder/internal/db/db.go:40.38,42.2 1 0
github.com/osbuild/image-builder/internal/db/db.go:44.46,46.16 2 1
github.com/osbuild/image-builder/internal/db/db.go:49.2,52.12 3 1
github.com/osbuild/image-builder/internal/db/db.go:46.16,48.3 1 0
github.com/osbuild/image-builder/internal/db/db.go:55.45,57.16 2 0
github.com/osbuild/image-builder/internal/db/db.go:60.2,63.16 3 0
github.com/osbuild/image-builder/internal/db/db.go:67.2,69.20 3 0
github.com/osbuild/image-builder/internal/db/db.go:76.2,76.18 1 0
github.com/osbuild/image-builder/internal/db/db.go:57.16,59.3 1 0
github.com/osbuild/image-builder/internal/db/db.go:63.16,65.3 1 0
github.com/osbuild/image-builder/internal/db/db.go:69.20,71.17 2 0
github.com/osbuild/image-builder/internal/db/db.go:74.3,74.45 1 0
github.com/osbuild/image-builder/internal/db/db.go:71.17,73.4 1 0
github.com/osbuild/image-builder/internal/db/migrate.go:12.59,15.34 3 0
github.com/osbuild/image-builder/internal/db/migrate.go:20.2,22.11 2 0
github.com/osbuild/image-builder/internal/db/migrate.go:30.2,31.32 2 0
github.com/osbuild/image-builder/internal/db/migrate.go:36.2,39.19 3 0
github.com/osbuild/image-builder/internal/db/migrate.go:42.2,42.18 1 0
github.com/osbuild/image-builder/internal/db/migrate.go:46.2,46.12 1 0
github.com/osbuild/image-builder/internal/db/migrate.go:15.34,17.3 1 0
github.com/osbuild/image-builder/internal/db/migrate.go:17.8,17.23 1 0
github.com/osbuild/image-builder/internal/db/migrate.go:17.23,19.3 1 0
github.com/osbuild/image-builder/internal/db/migrate.go:22.11,25.17 3 0
github.com/osbuild/image-builder/internal/db/migrate.go:25.17,27.4 1 0
github.com/osbuild/image-builder/internal/db/migrate.go:31.32,33.3 1 0
github.com/osbuild/image-builder/internal/db/migrate.go:33.8,33.23 1 0
github.com/osbuild/image-builder/internal/db/migrate.go:33.23,35.3 1 0
github.com/osbuild/image-builder/internal/db/migrate.go:39.19,41.3 1 0
github.com/osbuild/image-builder/internal/db/migrate.go:42.18,44.3 1 0
github.com/osbuild/image-builder/internal/server/server.go:33.57,35.16 2 0
github.com/osbuild/image-builder/internal/server/server.go:38.2,47.11 9 0
github.com/osbuild/image-builder/internal/server/server.go:35.16,36.13 1 0
github.com/osbuild/image-builder/internal/server/server.go:51.38,54.16 3 0
github.com/osbuild/image-builder/internal/server/server.go:54.16,56.3 1 0
github.com/osbuild/image-builder/internal/server/server.go:59.55,61.16 2 0
github.com/osbuild/image-builder/internal/server/server.go:64.2,65.41 2 0
github.com/osbuild/image-builder/internal/server/server.go:61.16,63.3 1 0
github.com/osbuild/image-builder/internal/server/server.go:68.59,70.16 2 0
github.com/osbuild/image-builder/internal/server/server.go:73.2,74.38 2 0
github.com/osbuild/image-builder/internal/server/server.go:70.16,72.3 1 0
github.com/osbuild/image-builder/internal/server/server.go:77.61,79.16 2 0
github.com/osbuild/image-builder/internal/server/server.go:82.2,82.47 1 0
github.com/osbuild/image-builder/internal/server/server.go:79.16,81.3 1 0
github.com/osbuild/image-builder/internal/server/server.go:85.82,87.16 2 0
github.com/osbuild/image-builder/internal/server/server.go:90.2,90.39 1 0
github.com/osbuild/image-builder/internal/server/server.go:87.16,89.3 1 0
github.com/osbuild/image-builder/internal/server/server.go:93.79,95.9 2 0
github.com/osbuild/image-builder/internal/server/server.go:98.2,101.16 3 0
github.com/osbuild/image-builder/internal/server/server.go:105.2,107.16 3 0
github.com/osbuild/image-builder/internal/server/server.go:110.2,110.47 1 0
github.com/osbuild/image-builder/internal/server/server.go:95.9,97.3 1 0
github.com/osbuild/image-builder/internal/server/server.go:101.16,103.3 1 0
github.com/osbuild/image-builder/internal/server/server.go:107.16,109.3 1 0
github.com/osbuild/image-builder/internal/server/server.go:113.57,115.9 2 0
github.com/osbuild/image-builder/internal/server/server.go:119.2,121.16 3 0
github.com/osbuild/image-builder/internal/server/server.go:125.2,125.44 1 0
github.com/osbuild/image-builder/internal/server/server.go:129.2,129.60 1 0
github.com/osbuild/image-builder/internal/server/server.go:133.2,134.16 2 0
github.com/osbuild/image-builder/internal/server/server.go:138.2,141.16 3 0
github.com/osbuild/image-builder/internal/server/server.go:145.2,146.16 2 0
github.com/osbuild/image-builder/internal/server/server.go:149.2,149.43 1 0
github.com/osbuild/image-builder/internal/server/server.go:157.2,159.16 3 0
github.com/osbuild/image-builder/internal/server/server.go:162.2,162.54 1 0
github.com/osbuild/image-builder/internal/server/server.go:115.9,117.3 1 0
github.com/osbuild/image-builder/internal/server/server.go:121.16,123.3 1 0
github.com/osbuild/image-builder/internal/server/server.go:125.44,127.3 1 0
github.com/osbuild/image-builder/internal/server/server.go:129.60,131.3 1 0
github.com/osbuild/image-builder/internal/server/server.go:134.16,137.3 1 0
github.com/osbuild/image-builder/internal/server/server.go:141.16,143.3 1 0
github.com/osbuild/image-builder/internal/server/server.go:146.16,148.3 1 0
github.com/osbuild/image-builder/internal/server/server.go:149.43,151.17 2 0
github.com/osbuild/image-builder/internal/server/server.go:154.3,154.121 1 0
github.com/osbuild/image-builder/internal/server/server.go:151.17,153.4 1 0
github.com/osbuild/image-builder/internal/server/server.go:159.16,161.3 1 0
github.com/osbuild/image-builder/internal/server/server.go:165.27,167.9 2 0
github.com/osbuild/image-builder/internal/server/server.go:170.2,171.9 2 0
github.com/osbuild/image-builder/internal/server/server.go:174.2,174.51 1 0
github.com/osbuild/image-builder/internal/server/server.go:167.9,169.3 1 0
github.com/osbuild/image-builder/internal/server/server.go:171.9,173.3 1 0
github.com/osbuild/image-builder/internal/server/server.go:182.61,186.67 3 0
github.com/osbuild/image-builder/internal/server/server.go:190.2,191.16 2 0
github.com/osbuild/image-builder/internal/server/server.go:196.2,196.12 1 0
github.com/osbuild/image-builder/internal/server/server.go:186.67,188.3 1 0
github.com/osbuild/image-builder/internal/server/server.go:191.16,192.36 1 0
github.com/osbuild/image-builder/internal/server/server.go:193.3,193.101 1 0
github.com/osbuild/image-builder/internal/server/server.go:199.74,200.38 1 0
github.com/osbuild/image-builder/internal/server/server.go:200.38,206.31 3 0
github.com/osbuild/image-builder/internal/server/server.go:211.3,211.26 1 0
github.com/osbuild/image-builder/internal/server/server.go:206.31,209.4 1 0
github.com/osbuild/image-builder/internal/server/server.go:215.62,218.8 3 0
github.com/osbuild/image-builder/internal/server/server.go:232.2,232.47 1 0
github.com/osbuild/image-builder/internal/server/server.go:237.2,243.29 2 0
github.com/osbuild/image-builder/internal/server/server.go:218.8,219.25 1 0
github.com/osbuild/image-builder/internal/server/server.go:219.25,220.53 1 0
github.com/osbuild/image-builder/internal/server/server.go:220.53,222.5 1 0
github.com/osbuild/image-builder/internal/server/server.go:224.8,229.3 1 0
github.com/osbuild/image-builder/internal/server/server.go:232.47,235.3 1 0
github.com/osbuild/image-builder/internal/server/server.go:243.29,244.44 1 0
github.com/osbuild/image-builder/internal/server/server.go:251.3,251.17 1 0
github.com/osbuild/image-builder/internal/server/server.go:244.44,246.4 1 0
github.com/osbuild/image-builder/internal/server/server.go:246.9,250.4 1 0
github.com/osbuild/image-builder/internal/server/server.go:251.17,253.4 1 0
github.com/osbuild/image-builder/internal/server/api.go:156.70,162.25 2 0
github.com/osbuild/image-builder/internal/server/api.go:168.2,168.44 1 0
github.com/osbuild/image-builder/internal/server/api.go:172.2,172.26 1 0
github.com/osbuild/image-builder/internal/server/api.go:175.2,175.21 1 0
github.com/osbuild/image-builder/internal/server/api.go:162.25,163.36 1 0
github.com/osbuild/image-builder/internal/server/api.go:163.36,165.4 1 0
github.com/osbuild/image-builder/internal/server/api.go:168.44,170.3 1 0
github.com/osbuild/image-builder/internal/server/api.go:172.26,174.3 1 0
github.com/osbuild/image-builder/internal/server/api.go:180.56,181.31 1 0
github.com/osbuild/image-builder/internal/server/api.go:181.31,184.3 2 0
github.com/osbuild/image-builder/internal/server/api.go:189.59,190.31 1 0
github.com/osbuild/image-builder/internal/server/api.go:190.31,193.3 2 0
github.com/osbuild/image-builder/internal/server/api.go:219.101,221.16 2 0
github.com/osbuild/image-builder/internal/server/api.go:224.2,225.28 2 0
github.com/osbuild/image-builder/internal/server/api.go:231.2,231.25 1 0
github.com/osbuild/image-builder/internal/server/api.go:221.16,223.3 1 0
github.com/osbuild/image-builder/internal/server/api.go:225.28,227.17 2 0
github.com/osbuild/image-builder/internal/server/api.go:227.17,229.4 1 0
github.com/osbuild/image-builder/internal/server/api.go:234.120,236.16 2 0
github.com/osbuild/image-builder/internal/server/api.go:239.2,240.28 2 0
github.com/osbuild/image-builder/internal/server/api.go:246.2,246.25 1 0
github.com/osbuild/image-builder/internal/server/api.go:236.16,238.3 1 0
github.com/osbuild/image-builder/internal/server/api.go:240.28,242.17 2 0
github.com/osbuild/image-builder/internal/server/api.go:242.17,244.4 1 0
github.com/osbuild/image-builder/internal/server/api.go:249.110,251.16 2 0
github.com/osbuild/image-builder/internal/server/api.go:254.2,255.28 2 0
github.com/osbuild/image-builder/internal/server/api.go:261.2,261.25 1 0
github.com/osbuild/image-builder/internal/server/api.go:251.16,253.3 1 0
github.com/osbuild/image-builder/internal/server/api.go:255.28,257.17 2 0
github.com/osbuild/image-builder/internal/server/api.go:257.17,259.4 1 0
github.com/osbuild/image-builder/internal/server/api.go:264.98,266.16 2 0
github.com/osbuild/image-builder/internal/server/api.go:269.2,270.28 2 0
github.com/osbuild/image-builder/internal/server/api.go:276.2,276.25 1 0
github.com/osbuild/image-builder/internal/server/api.go:266.16,268.3 1 0
github.com/osbuild/image-builder/internal/server/api.go:270.28,272.17 2 0
github.com/osbuild/image-builder/internal/server/api.go:272.17,274.4 1 0
github.com/osbuild/image-builder/internal/server/api.go:279.80,281.16 2 0
github.com/osbuild/image-builder/internal/server/api.go:284.2,285.28 2 0
github.com/osbuild/image-builder/internal/server/api.go:291.2,291.25 1 0
github.com/osbuild/image-builder/internal/server/api.go:281.16,283.3 1 0
github.com/osbuild/image-builder/internal/server/api.go:285.28,287.17 2 0
github.com/osbuild/image-builder/internal/server/api.go:287.17,289.4 1 0
github.com/osbuild/image-builder/internal/server/api.go:294.78,296.16 2 0
github.com/osbuild/image-builder/internal/server/api.go:299.2,300.28 2 0
github.com/osbuild/image-builder/internal/server/api.go:306.2,306.25 1 0
github.com/osbuild/image-builder/internal/server/api.go:296.16,298.3 1 0
github.com/osbuild/image-builder/internal/server/api.go:300.28,302.17 2 0
github.com/osbuild/image-builder/internal/server/api.go:302.17,304.4 1 0
github.com/osbuild/image-builder/internal/server/api.go:309.74,311.16 2 0
github.com/osbuild/image-builder/internal/server/api.go:314.2,315.28 2 0
github.com/osbuild/image-builder/internal/server/api.go:321.2,321.25 1 0
github.com/osbuild/image-builder/internal/server/api.go:311.16,313.3 1 0
github.com/osbuild/image-builder/internal/server/api.go:315.28,317.17 2 0
github.com/osbuild/image-builder/internal/server/api.go:317.17,319.4 1 0
github.com/osbuild/image-builder/internal/server/api.go:325.92,331.16 4 0
github.com/osbuild/image-builder/internal/server/api.go:335.2,336.16 2 0
github.com/osbuild/image-builder/internal/server/api.go:340.2,341.24 2 0
github.com/osbuild/image-builder/internal/server/api.go:345.2,346.16 2 0
github.com/osbuild/image-builder/internal/server/api.go:350.2,351.16 2 0
github.com/osbuild/image-builder/internal/server/api.go:355.2,355.17 1 0
github.com/osbuild/image-builder/internal/server/api.go:331.16,333.3 1 0
github.com/osbuild/image-builder/internal/server/api.go:336.16,338.3 1 0
github.com/osbuild/image-builder/internal/server/api.go:341.24,343.3 1 0
github.com/osbuild/image-builder/internal/server/api.go:346.16,348.3 1 0
github.com/osbuild/image-builder/internal/server/api.go:351.16,353.3 1 0
github.com/osbuild/image-builder/internal/server/api.go:359.101,362.16 3 0
github.com/osbuild/image-builder/internal/server/api.go:365.2,366.79 2 0
github.com/osbuild/image-builder/internal/server/api.go:362.16,364.3 1 0
github.com/osbuild/image-builder/internal/server/api.go:370.111,374.16 3 0
github.com/osbuild/image-builder/internal/server/api.go:378.2,379.24 2 0
github.com/osbuild/image-builder/internal/server/api.go:383.2,384.16 2 0
github.com/osbuild/image-builder/internal/server/api.go:388.2,389.16 2 0
github.com/osbuild/image-builder/internal/server/api.go:393.2,394.17 2 0
github.com/osbuild/image-builder/internal/server/api.go:374.16,376.3 1 0
github.com/osbuild/image-builder/internal/server/api.go:379.24,381.3 1 0
github.com/osbuild/image-builder/internal/server/api.go:384.16,386.3 1 0
github.com/osbuild/image-builder/internal/server/api.go:389.16,391.3 1 0
github.com/osbuild/image-builder/internal/server/api.go:398.89,404.16 4 0
github.com/osbuild/image-builder/internal/server/api.go:408.2,409.16 2 0
github.com/osbuild/image-builder/internal/server/api.go:413.2,414.24 2 0
github.com/osbuild/image-builder/internal/server/api.go:418.2,419.16 2 0
github.com/osbuild/image-builder/internal/server/api.go:423.2,424.16 2 0
github.com/osbuild/image-builder/internal/server/api.go:428.2,428.17 1 0
github.com/osbuild/image-builder/internal/server/api.go:404.16,406.3 1 0
github.com/osbuild/image-builder/internal/server/api.go:409.16,411.3 1 0
github.com/osbuild/image-builder/internal/server/api.go:414.24,416.3 1 0
github.com/osbuild/image-builder/internal/server/api.go:419.16,421.3 1 0
github.com/osbuild/image-builder/internal/server/api.go:424.16,426.3 1 0
github.com/osbuild/image-builder/internal/server/api.go:432.71,436.16 3 0
github.com/osbuild/image-builder/internal/server/api.go:440.2,441.24 2 0
github.com/osbuild/image-builder/internal/server/api.go:445.2,446.16 2 0
github.com/osbuild/image-builder/internal/server/api.go:450.2,451.16 2 0
github.com/osbuild/image-builder/internal/server/api.go:455.2,455.17 1 0
github.com/osbuild/image-builder/internal/server/api.go:436.16,438.3 1 0
github.com/osbuild/image-builder/internal/server/api.go:441.24,443.3 1 0
github.com/osbuild/image-builder/internal/server/api.go:446.16,448.3 1 0
github.com/osbuild/image-builder/internal/server/api.go:451.16,453.3 1 0
github.com/osbuild/image-builder/internal/server/api.go:459.69,463.16 3 0
github.com/osbuild/image-builder/internal/server/api.go:467.2,468.24 2 0
github.com/osbuild/image-builder/internal/server/api.go:472.2,473.16 2 0
github.com/osbuild/image-builder/internal/server/api.go:477.2,478.16 2 0
github.com/osbuild/image-builder/internal/server/api.go:482.2,482.17 1 0
github.com/osbuild/image-builder/internal/server/api.go:463.16,465.3 1 0
github.com/osbuild/image-builder/internal/server/api.go:468.24,470.3 1 0
github.com/osbuild/image-builder/internal/server/api.go:473.16,475.3 1 0
github.com/osbuild/image-builder/internal/server/api.go:478.16,480.3 1 0
github.com/osbuild/image-builder/internal/server/api.go:486.65,490.16 3 0
github.com/osbuild/image-builder/internal/server/api.go:494.2,495.24 2 0
github.com/osbuild/image-builder/internal/server/api.go:499.2,500.16 2 0
github.com/osbuild/image-builder/internal/server/api.go:504.2,505.16 2 0
github.com/osbuild/image-builder/internal/server/api.go:509.2,509.17 1 0
github.com/osbuild/image-builder/internal/server/api.go:490.16,492.3 1 0
github.com/osbuild/image-builder/internal/server/api.go:495.24,497.3 1 0
github.com/osbuild/image-builder/internal/server/api.go:500.16,502.3 1 0
github.com/osbuild/image-builder/internal/server/api.go:505.16,507.3 1 0
github.com/osbuild/image-builder/internal/server/api.go:519.96,521.16 2 0
github.com/osbuild/image-builder/internal/server/api.go:524.2,524.42 1 0
github.com/osbuild/image-builder/internal/server/api.go:521.16,523.3 1 0
github.com/osbuild/image-builder/internal/server/api.go:528.47,529.31 1 0
github.com/osbuild/image-builder/internal/server/api.go:529.31,531.17 2 0
github.com/osbuild/image-builder/internal/server/api.go:534.3,535.13 2 0
github.com/osbuild/image-builder/internal/server/api.go:531.17,533.4 1 0
github.com/osbuild/image-builder/internal/server/api.go:546.51,547.27 1 0
github.com/osbuild/image-builder/internal/server/api.go:550.2,550.27 1 0
github.com/osbuild/image-builder/internal/server/api.go:547.27,549.3 1 0
github.com/osbuild/image-builder/internal/server/api.go:554.52,555.27 1 0
github.com/osbuild/image-builder/internal/server/api.go:558.2,558.10 1 0
github.com/osbuild/image-builder/internal/server/api.go:555.27,557.3 1 0
github.com/osbuild/image-builder/internal/server/api.go:569.47,570.27 1 0
github.com/osbuild/image-builder/internal/server/api.go:573.2,573.27 1 0
github.com/osbuild/image-builder/internal/server/api.go:570.27,572.3 1 0
github.com/osbuild/image-builder/internal/server/api.go:577.48,578.27 1 0
github.com/osbuild/image-builder/internal/server/api.go:581.2,581.10 1 0
github.com/osbuild/image-builder/internal/server/api.go:578.27,580.3 1 0
github.com/osbuild/image-builder/internal/server/api.go:591.51,592.27 1 0
github.com/osbuild/image-builder/internal/server/api.go:595.2,595.27 1 0
github.com/osbuild/image-builder/internal/server/api.go:592.27,594.3 1 0
github.com/osbuild/image-builder/internal/server/api.go:599.52,600.27 1 0
github.com/osbuild/image-builder/internal/server/api.go:603.2,603.10 1 0
github.com/osbuild/image-builder/internal/server/api.go:600.27,602.3 1 0
github.com/osbuild/image-builder/internal/server/api.go:613.51,614.27 1 0
github.com/osbuild/image-builder/internal/server/api.go:617.2,617.27 1 0
github.com/osbuild/image-builder/internal/server/api.go:614.27,616.3 1 0
github.com/osbuild/image-builder/internal/server/api.go:621.52,622.27 1 0
github.com/osbuild/image-builder/internal/server/api.go:625.2,625.10 1 0
github.com/osbuild/image-builder/internal/server/api.go:622.27,624.3 1 0
github.com/osbuild/image-builder/internal/server/api.go:634.49,635.27 1 0
github.com/osbuild/image-builder/internal/server/api.go:638.2,638.27 1 0
github.com/osbuild/image-builder/internal/server/api.go:635.27,637.3 1 0
github.com/osbuild/image-builder/internal/server/api.go:642.50,643.27 1 0
github.com/osbuild/image-builder/internal/server/api.go:646.2,646.10 1 0
github.com/osbuild/image-builder/internal/server/api.go:643.27,645.3 1 0
github.com/osbuild/image-builder/internal/server/api.go:656.45,657.27 1 0
github.com/osbuild/image-builder/internal/server/api.go:660.2,660.27 1 0
github.com/osbuild/image-builder/internal/server/api.go:657.27,659.3 1 0
github.com/osbuild/image-builder/internal/server/api.go:664.46,665.27 1 0
github.com/osbuild/image-builder/internal/server/api.go:668.2,668.10 1 0
github.com/osbuild/image-builder/internal/server/api.go:665.27,667.3 1 0
github.com/osbuild/image-builder/internal/server/api.go:672.137,674.16 2 0
github.com/osbuild/image-builder/internal/server/api.go:677.2,677.43 1 0
github.com/osbuild/image-builder/internal/server/api.go:674.16,676.3 1 0
github.com/osbuild/image-builder/internal/server/api.go:681.152,683.16 2 0
github.com/osbuild/image-builder/internal/server/api.go:686.2,686.39 1 0
github.com/osbuild/image-builder/internal/server/api.go:683.16,685.3 1 0
github.com/osbuild/image-builder/internal/server/api.go:689.142,691.16 2 0
github.com/osbuild/image-builder/internal/server/api.go:694.2,694.39 1 0
github.com/osbuild/image-builder/internal/server/api.go:691.16,693.3 1 0
github.com/osbuild/image-builder/internal/server/api.go:698.134,700.16 2 0
github.com/osbuild/image-builder/internal/server/api.go:703.2,703.43 1 0
github.com/osbuild/image-builder/internal/server/api.go:700.16,702.3 1 0
github.com/osbuild/image-builder/internal/server/api.go:707.116,709.16 2 0
github.com/osbuild/image-builder/internal/server/api.go:712.2,712.43 1 0
github.com/osbuild/image-builder/internal/server/api.go:709.16,711.3 1 0
github.com/osbuild/image-builder/internal/server/api.go:716.112,718.16 2 0
github.com/osbuild/image-builder/internal/server/api.go:721.2,721.41 1 0
github.com/osbuild/image-builder/internal/server/api.go:718.16,720.3 1 0
github.com/osbuild/image-builder/internal/server/api.go:725.104,727.16 2 0
github.com/osbuild/image-builder/internal/server/api.go:730.2,730.37 1 0
github.com/osbuild/image-builder/internal/server/api.go:727.16,729.3 1 0
github.com/osbuild/image-builder/internal/server/api.go:734.91,737.16 3 0
github.com/osbuild/image-builder/internal/server/api.go:741.2,746.9 2 0
github.com/osbuild/image-builder/internal/server/api.go:756.2,756.22 1 0
github.com/osbuild/image-builder/internal/server/api.go:737.16,739.3 1 0
github.com/osbuild/image-builder/internal/server/api.go:747.89,749.58 2 0
github.com/osbuild/image-builder/internal/server/api.go:752.3,752.27 1 0
github.com/osbuild/image-builder/internal/server/api.go:749.58,751.4 1 0
github.com/osbuild/image-builder/internal/server/api.go:760.83,763.16 3 0
github.com/osbuild/image-builder/internal/server/api.go:767.2,772.9 2 0
github.com/osbuild/image-builder/internal/server/api.go:789.2,789.22 1 0
github.com/osbuild/image-builder/internal/server/api.go:763.16,765.3 1 0
github.com/osbuild/image-builder/internal/server/api.go:773.89,775.58 2 0
github.com/osbuild/image-builder/internal/server/api.go:778.3,778.27 1 0
github.com/osbuild/image-builder/internal/server/api.go:780.89,782.58 2 0
github.com/osbuild/image-builder/internal/server/api.go:785.3,785.27 1 0
github.com/osbuild/image-builder/internal/server/api.go:775.58,777.4 1 0
github.com/osbuild/image-builder/internal/server/api.go:782.58,784.4 1 0
github.com/osbuild/image-builder/internal/server/api.go:793.91,796.16 3 0
github.com/osbuild/image-builder/internal/server/api.go:800.2,805.9 2 0
github.com/osbuild/image-builder/internal/server/api.go:815.2,815.22 1 0
github.com/osbuild/image-builder/internal/server/api.go:796.16,798.3 1 0
github.com/osbuild/image-builder/internal/server/api.go:806.89,808.58 2 0
github.com/osbuild/image-builder/internal/server/api.go:811.3,811.27 1 0
github.com/osbuild/image-builder/internal/server/api.go:808.58,810.4 1 0
github.com/osbuild/image-builder/internal/server/api.go:819.91,822.16 3 0
github.com/osbuild/image-builder/internal/server/api.go:826.2,831.9 2 0
github.com/osbuild/image-builder/internal/server/api.go:841.2,841.22 1 0
github.com/osbuild/image-builder/internal/server/api.go:822.16,824.3 1 0
github.com/osbuild/image-builder/internal/server/api.go:832.89,834.58 2 0
github.com/osbuild/image-builder/internal/server/api.go:837.3,837.27 1 0
github.com/osbuild/image-builder/internal/server/api.go:834.58,836.4 1 0
github.com/osbuild/image-builder/internal/server/api.go:845.87,848.16 3 0
github.com/osbuild/image-builder/internal/server/api.go:852.2,857.9 2 0
github.com/osbuild/image-builder/internal/server/api.go:860.2,860.22 1 0
github.com/osbuild/image-builder/internal/server/api.go:848.16,850.3 1 0
github.com/osbuild/image-builder/internal/server/api.go:864.79,867.16 3 0
github.com/osbuild/image-builder/internal/server/api.go:871.2,876.9 2 0
github.com/osbuild/image-builder/internal/server/api.go:886.2,886.22 1 0
github.com/osbuild/image-builder/internal/server/api.go:867.16,869.3 1 0
github.com/osbuild/image-builder/internal/server/api.go:877.89,879.58 2 0
github.com/osbuild/image-builder/internal/server/api.go:882.3,882.27 1 0
github.com/osbuild/image-builder/internal/server/api.go:879.58,881.4 1 0
github.com/osbuild/image-builder/internal/server/api.go:917.75,923.16 4 0
github.com/osbuild/image-builder/internal/server/api.go:928.2,929.12 2 0
github.com/osbuild/image-builder/internal/server/api.go:923.16,925.3 1 0
github.com/osbuild/image-builder/internal/server/api.go:933.71,939.2 3 0
github.com/osbuild/image-builder/internal/server/api.go:942.75,948.16 4 0
github.com/osbuild/image-builder/internal/server/api.go:953.2,954.12 2 0
github.com/osbuild/image-builder/internal/server/api.go:948.16,950.3 1 0
github.com/osbuild/image-builder/internal/server/api.go:958.75,964.2 3 0
github.com/osbuild/image-builder/internal/server/api.go:967.73,973.2 3 0
github.com/osbuild/image-builder/internal/server/api.go:976.69,982.2 3 0
github.com/osbuild/image-builder/internal/server/api.go:1000.62,1013.2 7 0
github.com/osbuild/image-builder/internal/server/api.go:1046.46,1048.16 2 0
github.com/osbuild/image-builder/internal/server/api.go:1051.2,1052.16 2 0
github.com/osbuild/image-builder/internal/server/api.go:1055.2,1057.16 3 0
github.com/osbuild/image-builder/internal/server/api.go:1061.2,1062.16 2 0
github.com/osbuild/image-builder/internal/server/api.go:1065.2,1065.21 1 0
github.com/osbuild/image-builder/internal/server/api.go:1048.16,1050.3 1 0
github.com/osbuild/image-builder/internal/server/api.go:1052.16,1054.3 1 0
github.com/osbuild/image-builder/internal/server/api.go:1057.16,1059.3 1 0
github.com/osbuild/image-builder/internal/server/api.go:1062.16,1064.3 1 0
github.com/osbuild/image-builder/internal/server/distribution.go:23.63,28.37 4 0
github.com/osbuild/image-builder/internal/server/distribution.go:59.2,59.29 1 0
github.com/osbuild/image-builder/internal/server/distribution.go:63.2,63.27 1 0
github.com/osbuild/image-builder/internal/server/distribution.go:28.37,29.86 1 0
github.com/osbuild/image-builder/internal/server/distribution.go:54.3,54.40 1 0
github.com/osbuild/image-builder/internal/server/distribution.go:29.86,30.18 1 0
github.com/osbuild/image-builder/internal/server/distribution.go:33.4,33.37 1 0
github.com/osbuild/image-builder/internal/server/distribution.go:36.4,36.74 1 0
github.com/osbuild/image-builder/internal/server/distribution.go:40.4,42.18 3 0
github.com/osbuild/image-builder/internal/server/distribution.go:45.4,47.18 3 0
github.com/osbuild/image-builder/internal/server/distribution.go:50.4,51.14 2 0
github.com/osbuild/image-builder/internal/server/distribution.go:30.18,32.5 1 0
github.com/osbuild/image-builder/internal/server/distribution.go:33.37,35.5 1 0
github.com/osbuild/image-builder/internal/server/distribution.go:36.74,38.5 1 0
github.com/osbuild/image-builder/internal/server/distribution.go:42.18,44.5 1 0
github.com/osbuild/image-builder/internal/server/distribution.go:47.18,49.5 1 0
github.com/osbuild/image-builder/internal/server/distribution.go:54.40,56.4 1 0
github.com/osbuild/image-builder/internal/server/distribution.go:59.29,61.3 1 0
github.com/osbuild/image-builder/internal/server/distribution.go:66.86,68.16 2 0
github.com/osbuild/image-builder/internal/server/distribution.go:72.2,72.14 1 0
github.com/osbuild/image-builder/internal/server/distribution.go:68.16,70.3 1 0
github.com/osbuild/image-builder/internal/server/distribution.go:73.16,74.52 1 0
github.com/osbuild/image-builder/internal/server/distribution.go:75.10,76.55 1 0
github.com/osbuild/image-builder/internal/server/distribution.go:80.54,82.16 2 0
github.com/osbuild/image-builder/internal/server/distribution.go:86.2,87.39 2 0
github.com/osbuild/image-builder/internal/server/distribution.go:90.2,90.36 1 0
github.com/osbuild/image-builder/internal/server/distribution.go:82.16,84.3 1 0
github.com/osbuild/image-builder/internal/server/distribution.go:87.39,89.3 1 0
github.com/osbuild/image-builder/internal/server/distribution.go:93.66,95.16 2 0
github.com/osbuild/image-builder/internal/server/distribution.go:98.2,101.22 3 0
github.com/osbuild/image-builder/internal/server/distribution.go:107.2,107.19 1 0
github.com/osbuild/image-builder/internal/server/distribution.go:95.16,97.3 1 0
github.com/osbuild/image-builder/internal/server/distribution.go:101.22,106.3 1 0
github.com/osbuild/image-builder/cmd/image-builder/main.go:15.48,19.36 3 0
github.com/osbuild/image-builder/cmd/image-builder/main.go:43.2,43.12 1 0
github.com/osbuild/image-builder/cmd/image-builder/main.go:19.36,23.10 4 0
github.com/osbuild/image-builder/cmd/image-builder/main.go:27.3,29.9 3 0
github.com/osbuild/image-builder/cmd/image-builder/main.go:23.10,25.4 1 0
github.com/osbuild/image-builder/cmd/image-builder/main.go:29.9,30.16 1 0
github.com/osbuild/image-builder/cmd/image-builder/main.go:31.21,32.52 1 0
github.com/osbuild/image-builder/cmd/image-builder/main.go:35.5,35.40 1 0
github.com/osbuild/image-builder/cmd/image-builder/main.go:36.24,37.28 1 0
github.com/osbuild/image-builder/cmd/image-builder/main.go:38.12,39.42 1 0
github.com/osbuild/image-builder/cmd/image-builder/main.go:32.52,34.6 1 0
github.com/osbuild/image-builder/cmd/image-builder/main.go:46.13,53.16 3 0
github.com/osbuild/image-builder/cmd/image-builder/main.go:57.2,58.16 2 0
github.com/osbuild/image-builder/cmd/image-builder/main.go:62.2,64.16 3 0
github.com/osbuild/image-builder/cmd/image-builder/main.go:68.2,69.16 2 0
github.com/osbuild/image-builder/cmd/image-builder/main.go:73.2,74.29 2 0
github.com/osbuild/image-builder/cmd/image-builder/main.go:53.16,54.13 1 0
github.com/osbuild/image-builder/cmd/image-builder/main.go:58.16,59.13 1 0
github.com/osbuild/image-builder/cmd/image-builder/main.go:64.16,65.13 1 0
github.com/osbuild/image-builder/cmd/image-builder/main.go:69.16,70.13 1 0
github.com/osbuild/image-builder/internal/logger/logger.go:34.42,38.49 3 0
github.com/osbuild/image-builder/internal/logger/logger.go:42.2,42.10 1 0
github.com/osbuild/image-builder/internal/logger/logger.go:38.49,40.3 1 0
github.com/osbuild/image-builder/internal/logger/logger.go:46.65,52.16 4 0
github.com/osbuild/image-builder/internal/logger/logger.go:57.2,67.31 2 0
github.com/osbuild/image-builder/internal/logger/logger.go:76.2,77.16 2 0
github.com/osbuild/image-builder/internal/logger/logger.go:81.2,84.23 3 0
github.com/osbuild/image-builder/internal/logger/logger.go:52.16,54.3 1 0
github.com/osbuild/image-builder/internal/logger/logger.go:67.31,68.24 1 0
github.com/osbuild/image-builder/internal/logger/logger.go:69.14,70.23 1 0
github.com/osbuild/image-builder/internal/logger/logger.go:71.11,72.15 1 0
github.com/osbuild/image-builder/internal/logger/logger.go:77.16,79.3 1 0
github.com/osbuild/image-builder/internal/logger/logger.go:87.29,89.16 2 0
github.com/osbuild/image-builder/internal/logger/logger.go:92.2,92.26 1 0
github.com/osbuild/image-builder/internal/logger/logger.go:89.16,91.3 1 0
github.com/osbuild/image-builder/internal/logger/logger.go:95.114,98.15 2 0
github.com/osbuild/image-builder/internal/logger/logger.go:109.2,116.16 2 0
github.com/osbuild/image-builder/internal/logger/logger.go:131.2,131.18 1 0
github.com/osbuild/image-builder/internal/logger/logger.go:99.15,100.31 1 0
github.com/osbuild/image-builder/internal/logger/logger.go:101.15,102.31 1 0
github.com/osbuild/image-builder/internal/logger/logger.go:103.14,104.14 1 0
github.com/osbuild/image-builder/internal/logger/logger.go:105.10,106.30 1 0
github.com/osbuild/image-builder/internal/logger/logger.go:116.16,121.17 5 0
github.com/osbuild/image-builder/internal/logger/logger.go:124.3,124.22 1 0
github.com/osbuild/image-builder/internal/logger/logger.go:121.17,123.4 1 0
github.com/osbuild/image-builder/internal/logger/logger.go:125.8,129.3 1 0
github.com/osbuild/image-builder/internal/cloudapi/cloudapi_client.go:141.70,147.25 2 0
github.com/osbuild/image-builder/internal/cloudapi/cloudapi_client.go:153.2,153.44 1 0
github.com/osbuild/image-builder/internal/cloudapi/cloudapi_client.go:157.2,157.26 1 0
github.com/osbuild/image-builder/internal/cloudapi/cloudapi_client.go:160.2,160.21 1 0
github.com/osbuild/image-builder/internal/cloudapi/cloudapi_client.go:147.25,148.36 1 0
github.com/osbuild/image-builder/internal/cloudapi/cloudapi_client.go:148.36,150.4 1 0
github.com/osbuild/image-builder/internal/cloudapi/cloudapi_client.go:153.44,155.3 1 0
github.com/osbuild/image-builder/internal/cloudapi/cloudapi_client.go:157.26,159.3 1 0
github.com/osbuild/image-builder/internal/cloudapi/cloudapi_client.go:165.56,166.31 1 0
github.com/osbuild/image-builder/internal/cloudapi/cloudapi_client.go:166.31,169.3 2 0
github.com/osbuild/image-builder/internal/cloudapi/cloudapi_client.go:174.59,175.31 1 0
github.com/osbuild/image-builder/internal/cloudapi/cloudapi_client.go:175.31,178.3 2 0
github.com/osbuild/image-builder/internal/cloudapi/cloudapi_client.go:192.115,194.16 2 0
github.com/osbuild/image-builder/internal/cloudapi/cloudapi_client.go:197.2,198.28 2 0
github.com/osbuild/image-builder/internal/cloudapi/cloudapi_client.go:204.2,204.25 1 0
github.com/osbuild/image-builder/internal/cloudapi/cloudapi_client.go:194.16,196.3 1 0
github.com/osbuild/image-builder/internal/cloudapi/cloudapi_client.go:198.28,200.17 2 0
github.com/osbuild/image-builder/internal/cloudapi/cloudapi_client.go:200.17,202.4 1 0
github.com/osbuild/image-builder/internal/cloudapi/cloudapi_client.go:207.100,209.16 2 0
github.com/osbuild/image-builder/internal/cloudapi/cloudapi_client.go:212.2,213.28 2 0
github.com/osbuild/image-builder/internal/cloudapi/cloudapi_client.go:219.2,219.25 1 0
github.com/osbuild/image-builder/internal/cloudapi/cloudapi_client.go:209.16,211.3 1 0
github.com/osbuild/image-builder/internal/cloudapi/cloudapi_client.go:213.28,215.17 2 0
github.com/osbuild/image-builder/internal/cloudapi/cloudapi_client.go:215.17,217.4 1 0
github.com/osbuild/image-builder/internal/cloudapi/cloudapi_client.go:222.88,224.16 2 0
github.com/osbuild/image-builder/internal/cloudapi/cloudapi_client.go:227.2,228.28 2 0
github.com/osbuild/image-builder/internal/cloudapi/cloudapi_client.go:234.2,234.25 1 0
github.com/osbuild/image-builder/internal/cloudapi/cloudapi_client.go:224.16,226.3 1 0
github.com/osbuild/image-builder/internal/cloudapi/cloudapi_client.go:228.28,230.17 2 0
github.com/osbuild/image-builder/internal/cloudapi/cloudapi_client.go:230.17,232.4 1 0
github.com/osbuild/image-builder/internal/cloudapi/cloudapi_client.go:238.91,241.16 3 0
github.com/osbuild/image-builder/internal/cloudapi/cloudapi_client.go:244.2,245.74 2 0
github.com/osbuild/image-builder/internal/cloudapi/cloudapi_client.go:241.16,243.3 1 0
github.com/osbuild/image-builder/internal/cloudapi/cloudapi_client.go:249.106,253.16 3 0
github.com/osbuild/image-builder/internal/cloudapi/cloudapi_client.go:257.2,258.24 2 0
github.com/osbuild/image-builder/internal/cloudapi/cloudapi_client.go:262.2,263.16 2 0
github.com/osbuild/image-builder/internal/cloudapi/cloudapi_client.go:267.2,268.16 2 0
github.com/osbuild/image-builder/internal/cloudapi/cloudapi_client.go:272.2,273.17 2 0
github.com/osbuild/image-builder/internal/cloudapi/cloudapi_client.go:253.16,255.3 1 0
github.com/osbuild/image-builder/internal/cloudapi/cloudapi_client.go:258.24,260.3 1 0
github.com/osbuild/image-builder/internal/cloudapi/cloudapi_client.go:263.16,265.3 1 0
github.com/osbuild/image-builder/internal/cloudapi/cloudapi_client.go:268.16,270.3 1 0
github.com/osbuild/image-builder/internal/cloudapi/cloudapi_client.go:277.79,283.16 4 0
github.com/osbuild/image-builder/internal/cloudapi/cloudapi_client.go:287.2,288.16 2 0
github.com/osbuild/image-builder/internal/cloudapi/cloudapi_client.go:292.2,293.24 2 0
github.com/osbuild/image-builder/internal/cloudapi/cloudapi_client.go:297.2,298.16 2 0
github.com/osbuild/image-builder/internal/cloudapi/cloudapi_client.go:302.2,303.16 2 0
github.com/osbuild/image-builder/internal/cloudapi/cloudapi_client.go:307.2,307.17 1 0
github.com/osbuild/image-builder/internal/cloudapi/cloudapi_client.go:283.16,285.3 1 0
github.com/osbuild/image-builder/internal/cloudapi/cloudapi_client.go:288.16,290.3 1 0
github.com/osbuild/image-builder/internal/cloudapi/cloudapi_client.go:293.24,295.3 1 0
github.com/osbuild/image-builder/internal/cloudapi/cloudapi_client.go:298.16,300.3 1 0
github.com/osbuild/image-builder/internal/cloudapi/cloudapi_client.go:303.16,305.3 1 0
github.com/osbuild/image-builder/internal/cloudapi/cloudapi_client.go:317.96,319.16 2 0
github.com/osbuild/image-builder/internal/cloudapi/cloudapi_client.go:322.2,322.42 1 0
github.com/osbuild/image-builder/internal/cloudapi/cloudapi_client.go:319.16,321.3 1 0
github.com/osbuild/image-builder/internal/cloudapi/cloudapi_client.go:326.47,327.31 1 0
github.com/osbuild/image-builder/internal/cloudapi/cloudapi_client.go:327.31,329.17 2 0
github.com/osbuild/image-builder/internal/cloudapi/cloudapi_client.go:332.3,333.13 2 0
github.com/osbuild/image-builder/internal/cloudapi/cloudapi_client.go:329.17,331.4 1 0
github.com/osbuild/image-builder/internal/cloudapi/cloudapi_client.go:344.42,345.27 1 0
github.com/osbuild/image-builder/internal/cloudapi/cloudapi_client.go:348.2,348.27 1 0
github.com/osbuild/image-builder/internal/cloudapi/cloudapi_client.go:345.27,347.3 1 0
github.com/osbuild/image-builder/internal/cloudapi/cloudapi_client.go:352.43,353.27 1 0
github.com/osbuild/image-builder/internal/cloudapi/cloudapi_client.go:356.2,356.10 1 0
github.com/osbuild/image-builder/internal/cloudapi/cloudapi_client.go:353.27,355.3 1 0
github.com/osbuild/image-builder/internal/cloudapi/cloudapi_client.go:366.48,367.27 1 0
github.com/osbuild/image-builder/internal/cloudapi/cloudapi_client.go:370.2,370.27 1 0
github.com/osbuild/image-builder/internal/cloudapi/cloudapi_client.go:367.27,369.3 1 0
github.com/osbuild/image-builder/internal/cloudapi/cloudapi_client.go:374.49,375.27 1 0
github.com/osbuild/image-builder/internal/cloudapi/cloudapi_client.go:378.2,378.10 1 0
github.com/osbuild/image-builder/internal/cloudapi/cloudapi_client.go:375.27,377.3 1 0
github.com/osbuild/image-builder/internal/cloudapi/cloudapi_client.go:382.142,384.16 2 0
github.com/osbuild/image-builder/internal/cloudapi/cloudapi_client.go:387.2,387.34 1 0
github.com/osbuild/image-builder/internal/cloudapi/cloudapi_client.go:384.16,386.3 1 0
github.com/osbuild/image-builder/internal/cloudapi/cloudapi_client.go:390.127,392.16 2 0
github.com/osbuild/image-builder/internal/cloudapi/cloudapi_client.go:395.2,395.34 1 0
github.com/osbuild/image-builder/internal/cloudapi/cloudapi_client.go:392.16,394.3 1 0
github.com/osbuild/image-builder/internal/cloudapi/cloudapi_client.go:399.121,401.16 2 0
github.com/osbuild/image-builder/internal/cloudapi/cloudapi_client.go:404.2,404.40 1 0
github.com/osbuild/image-builder/internal/cloudapi/cloudapi_client.go:401.16,403.3 1 0
github.com/osbuild/image-builder/internal/cloudapi/cloudapi_client.go:408.73,411.16 3 0
github.com/osbuild/image-builder/internal/cloudapi/cloudapi_client.go:415.2,420.9 2 0
github.com/osbuild/image-builder/internal/cloudapi/cloudapi_client.go:430.2,430.22 1 0
github.com/osbuild/image-builder/internal/cloudapi/cloudapi_client.go:411.16,413.3 1 0
github.com/osbuild/image-builder/internal/cloudapi/cloudapi_client.go:421.89,423.58 2 0
github.com/osbuild/image-builder/internal/cloudapi/cloudapi_client.go:426.3,426.27 1 0
github.com/osbuild/image-builder/internal/cloudapi/cloudapi_client.go:423.58,425.4 1 0
github.com/osbuild/image-builder/internal/cloudapi/cloudapi_client.go:434.85,437.16 3 0
github.com/osbuild/image-builder/internal/cloudapi/cloudapi_client.go:441.2,446.9 2 0
github.com/osbuild/image-builder/internal/cloudapi/cloudapi_client.go:456.2,456.22 1 0
github.com/osbuild/image-builder/internal/cloudapi/cloudapi_client.go:437.16,439.3 1 0
github.com/osbuild/image-builder/internal/cloudapi/cloudapi_client.go:447.89,449.58 2 0
github.com/osbuild/image-builder/internal/cloudapi/cloudapi_client.go:452.3,452.27 1 0
github.com/osbuild/image-builder/internal/cloudapi/cloudapi_client.go:449.58,451.4 1 0
